<?xml version="1.0" encoding="ISO-8859-1"?>
<testsuite name="test_success_output" errors="0" failures="0" tests="1" time="0.023" hostname="unknown" timestamp="2015-11-03T11:38:17">
  <properties/>
  <testcase classname="test_success_output" name="test_success"/>
  <system-out/>
  <system-err/>
</testsuite>
