<?xml version="1.0" encoding="UTF-8"?>
<testsuite name="test_failure_output" errors="1" failures="39" skipped="0" tests="40" time="4.396" hostname="unknown" timestamp="2024-09-18T18:04:48">
  <properties/>
  <testcase classname="test_failure_output" name="test_empty" time="0.026">
    <failure><![CDATA[Expected empty expression was actually: 3.
In test_failure_output.m at line 12]]></failure>
  </testcase>
  <testcase classname="test_failure_output" name="test_not_empty" time="0.004">
    <failure><![CDATA[Expected non-empty expression was actually empty.
In test_failure_output.m at line 17]]></failure>
  </testcase>
  <testcase classname="test_failure_output" name="test_false" time="0.003">
    <failure><![CDATA[Expected false was actually true.
In test_failure_output.m at line 22]]></failure>
  </testcase>
  <testcase classname="test_failure_output" name="test_true" time="0.003">
    <failure><![CDATA[Expected true was actually false.
In test_failure_output.m at line 27]]></failure>
  </testcase>
  <testcase classname="test_failure_output" name="test_fail" time="0.003">
    <failure><![CDATA[This some custom fail message
In test_failure_output.m at line 31]]></failure>
  </testcase>
  <testcase classname="test_failure_output" name="test_equals" time="0.108">
    <failure><![CDATA[Data not equal:
  Expected : 3
  Actual   : 4
In test_failure_output.m at line 36]]></failure>
  </testcase>
  <testcase classname="test_failure_output" name="test_equals_double_empty" time="0.006">
    <failure><![CDATA[Data not equal:
  Expected : []
  Actual   : 3
In test_failure_output.m at line 40]]></failure>
  </testcase>
  <testcase classname="test_failure_output" name="test_equals_array" time="0.011">
    <failure><![CDATA[Data not equal:
  Expected : [1 2 3 4 5 6 7 8 9 10 11 12 13 14 15 16]
  Actual   : [1 2 3 4 5 6 7 8 9 10.000001 11 12 13 14 15]
In test_failure_output.m at line 46]]></failure>
  </testcase>
  <testcase classname="test_failure_output" name="test_equals_arraymatrix" time="0.013">
    <failure><![CDATA[Data not equal:
  Expected : [1 2 3 4;5 6 7 8;9 10 11 12;13 14 15 16]
  Actual   : [1 2 3 4;5 6 7 8;9 10.000001 11 12;13 14 15 16]
In test_failure_output.m at line 54]]></failure>
  </testcase>
  <testcase classname="test_failure_output" name="test_equals_string" time="0.017">
    <failure><![CDATA[Data not equal:
  Expected : 'foo'
  Actual   : 'fOO'
  Changes  :   ^^
In test_failure_output.m at line 59]]></failure>
  </testcase>
  <testcase classname="test_failure_output" name="test_equals_long_string" time="2.212">
    <failure><![CDATA[Data not equal:
  Expected : (..149973 chars..)'; 'a'; 'a'; 'a'; 'a'; 'a'; 'a'; 'a'; 'a'; 'a'; 'a'; 'a'; (..)
  Actual   : (..149973 chars..)'; 'a'; 'a'; 'a'; 'a'; 'b'; 'a'; 'a'; 'a'; 'a'; 'a'; 'a'; (..)
  Changes  :                                           ^
In test_failure_output.m at line 66]]></failure>
  </testcase>
  <testcase classname="test_failure_output" name="test_equals_long_string_twisted" time="1.237">
    <failure><![CDATA[Data not equal:
  Expected : {'a'; 'a'; 'a'; 'a'; 'a'; 'a'; 'a'; 'a'; 'a'; 'a'; 'a'; 'a'; 'a'; 'a'; 'a'; (..)
  Actual   : {'a', 'a', 'a', 'a', 'a', 'a', 'a', 'a', 'a', 'a', 'a', 'a', 'a', 'a', 'a', (..)
  Changes  :     ^    ^    ^    ^    ^    ^    ^    ^    ^    ^    ^    ^    ^    ^    ^
In test_failure_output.m at line 73]]></failure>
  </testcase>
  <testcase classname="test_failure_output" name="test_equals_scalar_cellstring" time="0.008">
    <failure><![CDATA[Data not equal:
  Expected : {'foo'}
  Actual   : {'fOO'}
  Changes  :    ^^
In test_failure_output.m at line 78]]></failure>
  </testcase>
  <testcase classname="test_failure_output" name="test_equals_multiline_string" time="0.012">
    <failure><![CDATA[Data not equal:
  Expected : ['foo';'bar']
  Actual   : ['fuh';'bah']
  Changes  :    ^^     ^
In test_failure_output.m at line 84]]></failure>
  </testcase>
  <testcase classname="test_failure_output" name="test_equals_multiline_string_asymmetric" time="0.003">
    <failure><![CDATA[Data not equal:
  Expected : ['foo·';'bar·']
  Actual   : ['fool';'barz']
  Changes  :      ^      ^
In test_failure_output.m at line 90]]></failure>
  </testcase>
  <testcase classname="test_failure_output" name="test_equals_multiline_string_vs_singleline" time="0.006">
    <failure><![CDATA[Data not equal:
  Expected : ['foo';'bar']
  Actual   : ·'fool;·bar'·
  Changes  : ^    ^ ^    ^
In test_failure_output.m at line 96]]></failure>
  </testcase>
  <testcase classname="test_failure_output" name="test_equals_cell" time="0.01">
    <failure><![CDATA[Data not equal:
  Expected : {3, 'foo'}
  Actual   : {3, 'fOo'}
  Changes  :       ^
In test_failure_output.m at line 103]]></failure>
  </testcase>
  <testcase classname="test_failure_output" name="test_equals_struct" time="0.014">
    <failure><![CDATA[Data not equal at position .foo:
  Expected : {'hi', 'ho'}
  Actual   : {'ho', 'hi'}
  Changes  :    ^     ^
In test_failure_output.m at line 111]]></failure>
  </testcase>
  <testcase classname="test_failure_output" name="test_equals_string_struct" time="0.007">
    <failure><![CDATA[Data not equal at position .foo:
  Expected : 'you say \to-'mah-(,)to'
  Actual   : 'you say \to-'mey-(,)to'
  Changes  :                ^^
In test_failure_output.m at line 121]]></failure>
  </testcase>
  <testcase classname="test_failure_output" name="test_equals_scalar_cellstring_struct" time="0.008">
    <failure><![CDATA[Data not equal at position .foo:
  Expected : {'you say \to-'mah-(,)to'}
  Actual   : {'you say \to-'mey-(,)to'}
  Changes  :                 ^^
In test_failure_output.m at line 131]]></failure>
  </testcase>
  <testcase classname="test_failure_output" name="test_equals_nested_struct" time="0.015">
    <failure><![CDATA[Data not equal at position .tee.foo:
  Expected : {'hi', 'ho'}
  Actual   : {'ho', 'hi'}
  Changes  :    ^     ^
In test_failure_output.m at line 140]]></failure>
  </testcase>
  <testcase classname="test_failure_output" name="test_equals_nested_struct_multiple_differences" time="0.011">
    <failure><![CDATA[Data not equal at position .tee.bar:
  Expected : [3 4]
  Actual   : [3 5]
Data not equal at position .tee.foo:
  Expected : {'hi', 'ho'}
  Actual   : {'ho', 'hi'}
  Changes  :    ^     ^
In test_failure_output.m at line 150]]></failure>
  </testcase>
  <testcase classname="test_failure_output" name="test_equals_nested_struct_many_differences" time="0.008">
    <failure><![CDATA[Data not equal at position .bar:
  Expected : [3 4]
  Actual   : [3 5]
Data not equal at position .foo:
  Expected : {'hi', 'ho'}
  Actual   : 42
Data not equal at position .tee.bar:
  Expected : [3 4]
  Actual   : [3 5]
... more differences detected, but not displayed.
In test_failure_output.m at line 162]]></failure>
  </testcase>
  <testcase classname="test_failure_output" name="test_equals_structarray" time="0.009">
    <failure><![CDATA[Data not equal:
  Expected : [{foo:{'hi', 'ho'}; bar:3}, {foo:{'hi', 'ho'}; bar:4}]
  Actual   : [{foo:{'hi', 'ho'}; bar:3}, {foo:{'ho', 'hi'}; bar:4}]
In test_failure_output.m at line 170]]></failure>
  </testcase>
  <testcase classname="test_failure_output" name="test_equals_object" time="0.127">
    <failure><![CDATA[Data not equal:
  Expected : <a href="matlab: help timeseries">timeseries</a>

  Common Properties:
            Name: 'unnamed'
            Time: [12x1 double]
        TimeInfo: <a href="matlab: fprintf(['  ' char(60) 'a href=' char(34) 'matlab: help tsdata.timemetadata' char(34) '' char(62) 'tsdata.timemetadata' char(60) '/a' char(62) '\n  Namespace: tsdata\n\n  Uniform Time:\n    Length       12\n    Increment    1 seconds\n\n  Time Range:\n    Start        0 seconds\n    End          11 seconds\n\n  Common Properties:\n          Units: ''seconds''\n         Format: ''''\n      StartDate: ''''\n\n  ' char(60) 'a href=' char(34) 'matlab: properties(''tsdata.timemetadata'')' char(34) '' char(62) 'More properties' char(60) '/a' char(62) ', ' char(60) 'a href=' char(34) 'matlab: methods(''tsdata.timemetadata'')' char(34) '' char(62) 'Methods' char(60) '/a' char(62) '\n\n'])">[1x1 tsdata.timemetadata]</a>
            Data: [1x1x12 double]
        DataInfo: <a href="matlab: fprintf(['  ' char(60) 'a href=' char(34) 'matlab: help tsdata.datametadata' char(34) '' char(62) 'tsdata.datametadata' char(60) '/a' char(62) '\n  Namespace: tsdata\n\n  Common Properties:\n               Units: ''''\n       Interpolation: linear (tsdata.interpolation)\n\n  ' char(60) 'a href=' char(34) 'matlab: properties(''tsdata.datametadata'')' char(34) '' char(62) 'More properties' char(60) '/a' char(62) ', ' char(60) 'a href=' char(34) 'matlab: methods(''tsdata.datametadata'')' char(34) '' char(62) 'Methods' char(60) '/a' char(62) '\n\n'])">[1x1 tsdata.datametadata]</a>
    
  <a href="matlab: properties('timeseries')">More properties</a>, <a href="matlab: methods('timeseries')">Methods</a>
  Actual   : <a href="matlab: help timeseries">timeseries</a>

  Common Properties:
            Name: 'unnamed'
            Time: [12x1 double]
        TimeInfo: <a href="matlab: fprintf(['  ' char(60) 'a href=' char(34) 'matlab: help tsdata.timemetadata' char(34) '' char(62) 'tsdata.timemetadata' char(60) '/a' char(62) '\n  Namespace: tsdata\n\n  Uniform Time:\n    Length       12\n    Increment    1 seconds\n\n  Time Range:\n    Start        0 seconds\n    End          11 seconds\n\n  Common Properties:\n          Units: ''seconds''\n         Format: ''''\n      StartDate: ''''\n\n  ' char(60) 'a href=' char(34) 'matlab: properties(''tsdata.timemetadata'')' char(34) '' char(62) 'More properties' char(60) '/a' char(62) ', ' char(60) 'a href=' char(34) 'matlab: methods(''tsdata.timemetadata'')' char(34) '' char(62) 'Methods' char(60) '/a' char(62) '\n\n'])">[1x1 tsdata.timemetadata]</a>
            Data: [1x1x12 double]
        DataInfo: <a href="matlab: fprintf(['  ' char(60) 'a href=' char(34) 'matlab: help tsdata.datametadata' char(34) '' char(62) 'tsdata.datametadata' char(60) '/a' char(62) '\n  Namespace: tsdata\n\n  Common Properties:\n               Units: ''''\n       Interpolation: linear (tsdata.interpolation)\n\n  ' char(60) 'a href=' char(34) 'matlab: properties(''tsdata.datametadata'')' char(34) '' char(62) 'More properties' char(60) '/a' char(62) ', ' char(60) 'a href=' char(34) 'matlab: methods(''tsdata.datametadata'')' char(34) '' char(62) 'Methods' char(60) '/a' char(62) '\n\n'])">[1x1 tsdata.datametadata]</a>
    
  <a href="matlab: properties('timeseries')">More properties</a>, <a href="matlab: methods('timeseries')">Methods</a>
In test_failure_output.m at line 180]]></failure>
  </testcase>
  <testcase classname="test_failure_output" name="test_equals_handle" time="0.23">
    <failure><![CDATA[Error using <a href="matlab:matlab.lang.internal.introspective.errorDocCallback('mlunit_fail_with_reason', 'D:\repos\mlunit\mlunit\assertions\private\mlunit_fail_with_reason.m', 44)" style="font-weight:bold">mlunit_fail_with_reason</a> (<a href="matlab: opentoline('D:\repos\mlunit\mlunit\assertions\private\mlunit_fail_with_reason.m',44,0)">line 44</a>)
Data not equal:
  Expected : 0
  Actual   : classinstance = 
    
  <a href="matlab:helpPopup('matlab.ui.Figure')" style="font-weight:bold">Figure</a> (1) with properties:

      Number: 1
        Name: ''
       Color: [0.9400 0.9400 0.9400]
    Position: [488 338 560 420]
       Units: 'pixels'

  Show <a href="matlab:if exist('classinstance', 'var'), matlab.graphics.internal.getForDisplay('classinstance', classinstance, 'matlab.ui.Figure'), else, matlab.graphics.internal.getForDisplay('classinstance'), end">all properties</a>
In test_failure_output.m at line 195]]></failure>
  </testcase>
  <testcase classname="test_failure_output" name="test_equals_functionhandle" time="0.008">
    <failure><![CDATA[Data not equal:
  Expected : @(x)x*x+x
  Actual   : @(x)x+x*x
In test_failure_output.m at line 211]]></failure>
  </testcase>
  <testcase classname="test_failure_output" name="test_equals_javaobject" time="0.011">
    <failure><![CDATA[Data not equal:
  Expected : hiho
  Actual   : hiHo
In test_failure_output.m at line 217]]></failure>
  </testcase>
  <testcase classname="test_failure_output" name="test_not_equals" time="0.005">
    <failure><![CDATA[Expected and actual are equal.
In test_failure_output.m at line 222]]></failure>
  </testcase>
  <testcase classname="test_failure_output" name="test_error" time="0.005">
    <failure><![CDATA[Should be error, but 3 alone isn't.
Error expected, but none occurred.
In test_failure_output.m at line 227]]></failure>
  </testcase>
  <testcase classname="test_failure_output" name="test_typed_error" time="0.003">
    <failure><![CDATA[Error expected, but none occurred.
In test_failure_output.m at line 232]]></failure>
  </testcase>
  <testcase classname="test_failure_output" name="test_wrong_typed_error" time="0.009">
    <failure><![CDATA[Error occurred, but did not match criteria. Expected error identifier 'MATLAB:SomeError' actually was 'MATLAB:m_improper_grouping'.
In test_failure_output.m at line 236]]></failure>
  </testcase>
  <testcase classname="test_failure_output" name="test_warning" time="0.019">
    <failure><![CDATA[No warning MATLAB:rmpath:DirNotFound when executing function @()3.
In test_failure_output.m at line 242]]></failure>
  </testcase>
  <testcase classname="test_failure_output" name="test_implementation_fault" time="0.003">
    <error><![CDATA[Unrecognized function or variable 'unknown_function_call'.
In test_failure_output.m at line 246]]></error>
  </testcase>
  <testcase classname="test_failure_output" name="test_nested_functions" time="0.002">
    <failure><![CDATA[Nested function test.
In test_failure_output.m at line 254
In test_failure_output.m at line 250]]></failure>
  </testcase>
  <testcase classname="test_failure_output" name="test_exist_dir" time="0.005">
    <failure><![CDATA[Expected directory does not exist: C:\Users\alexander.roehnsch\AppData\Local\Temp\tpfcea4cf7_7132_4567_a639_7eedc8b8a11e
In test_failure_output.m at line 258]]></failure>
  </testcase>
  <testcase classname="test_failure_output" name="test_exist_file" time="0.004">
    <failure><![CDATA[Expected file does not exist: C:\Users\alexander.roehnsch\AppData\Local\Temp\tp40d42bbd_6108_40dc_b0d5_9af093cf692d
In test_failure_output.m at line 262]]></failure>
  </testcase>
  <testcase classname="test_failure_output" name="test_contains" time="0.004">
    <failure><![CDATA[Expected pattern 'pi' not found in text:
['foobar']
In test_failure_output.m at line 266]]></failure>
  </testcase>
  <testcase classname="test_failure_output" name="test_equals_precision" time="0.003">
    <failure><![CDATA[Data not equal:
  Expected : 0.3
  Actual   : 0.3
In test_failure_output.m at line 270]]></failure>
  </testcase>
  <testcase classname="test_failure_output" name="test_equals_precision_given" time="0.006">
    <failure><![CDATA[Data not equal. Tolerance is 0.1:
  Expected : 0.2
  Actual   : 0.4
In test_failure_output.m at line 274]]></failure>
  </testcase>
  <system-out/>
  <system-err/>
</testsuite>
