<?xml version="1.0" encoding="UTF-8"?>
<testsuite name="test_success_output" errors="0" failures="0" tests="1" time="0.031" hostname="unknown" timestamp="2015-06-05T22:58:25">
  <properties/>
  <testcase classname="test_success_output" name="test_success"/>
  <system-out/>
  <system-err/>
</testsuite>
